<?xml version="1.0" encoding="UTF-8" ?>
<testsuite failures="0" time="0.173" errors="0" skipped="2" tests="12" name="craftDay.mindtap.RunCukesTest">
  <properties>
    <property name="java.runtime.name" value="Java(TM) SE Runtime Environment"/>
    <property name="sun.boot.library.path" value="C:\Program Files\Java\jdk1.6.0\jre\bin"/>
    <property name="java.vm.version" value="1.6.0-b105"/>
    <property name="java.vm.vendor" value="Sun Microsystems Inc."/>
    <property name="java.vendor.url" value="http://java.sun.com/"/>
    <property name="path.separator" value=";"/>
    <property name="java.vm.name" value="Java HotSpot(TM) Client VM"/>
    <property name="file.encoding.pkg" value="sun.io"/>
    <property name="user.country" value="US"/>
    <property name="sun.java.launcher" value="SUN_STANDARD"/>
    <property name="sun.os.patch.level" value=""/>
    <property name="java.vm.specification.name" value="Java Virtual Machine Specification"/>
    <property name="user.dir" value="C:\Users\bvelandr\workspaces\cukelearning\cukelearning"/>
    <property name="java.runtime.version" value="1.6.0-b105"/>
    <property name="java.awt.graphicsenv" value="sun.awt.Win32GraphicsEnvironment"/>
    <property name="basedir" value="C:\Users\bvelandr\workspaces\cukelearning\cukelearning"/>
    <property name="java.endorsed.dirs" value="C:\Program Files\Java\jdk1.6.0\jre\lib\endorsed"/>
    <property name="os.arch" value="x86"/>
    <property name="surefire.real.class.path" value="C:\Users\bvelandr\workspaces\cukelearning\cukelearning\target\surefire\surefirebooter28117.jar"/>
    <property name="java.io.tmpdir" value="C:\Users\bvelandr\AppData\Local\Temp\"/>
    <property name="line.separator" value="
"/>
    <property name="java.vm.specification.vendor" value="Sun Microsystems Inc."/>
    <property name="user.variant" value=""/>
    <property name="os.name" value="Windows Vista"/>
    <property name="sun.jnu.encoding" value="Cp1252"/>
    <property name="java.library.path" value="C:\Program Files\Java\jdk1.6.0\jre\bin;.;C:\windows\Sun\Java\bin;C:\windows\system32;C:\windows;%M2%;C:\Ruby192\bin;C:\windows\system32;C:\windows;C:\windows\System32\Wbem;C:\windows\System32\WindowsPowerShell\v1.0\;C:\Program Files\jZip;C:\Program Files\QuickTime\QTSystem\;C:\Program Files\Lenovo\Access Connections\;C:\Program Files\ThinkPad\Bluetooth Software\;C:\Program Files\TortoiseSVN\bin;C:\cURL;C:\Program Files\WinMerge;C:\Program Files\Liquid Technologies\Liquid XML Studio 2011\XmlDataBinder9\Redist9\cpp\win32\bin;C:\Program Files\Java\jdk1.6.0\bin;C:\Program Files\Git\cmd;C:\Program Files\Intel\WiFi\bin\;C:\Program Files\Common Files\Intel\WirelessCommon\;C:\Program Files\Parallels\Parallels Workstation\Application;%BEES_HOME%;C:\Program Files\apache-maven-3.0.3\bin;C:\Program Files\Intel\WiFi\bin\;C:\Program Files\Common Files\Intel\WirelessCommon\"/>
    <property name="surefire.test.class.path" value="C:\Users\bvelandr\workspaces\cukelearning\cukelearning\target\test-classes;C:\Users\bvelandr\workspaces\cukelearning\cukelearning\target\classes;C:\Users\bvelandr\.m2\repository.cengage\org\seleniumhq\selenium\selenium-java\2.23.0\selenium-java-2.23.0.jar;C:\Users\bvelandr\.m2\repository.cengage\org\seleniumhq\selenium\selenium-android-driver\2.23.0\selenium-android-driver-2.23.0.jar;C:\Users\bvelandr\.m2\repository.cengage\org\seleniumhq\selenium\selenium-remote-driver\2.23.0\selenium-remote-driver-2.23.0.jar;C:\Users\bvelandr\.m2\repository.cengage\cglib\cglib-nodep\2.1_3\cglib-nodep-2.1_3.jar;C:\Users\bvelandr\.m2\repository.cengage\org\json\json\20080701\json-20080701.jar;C:\Users\bvelandr\.m2\repository.cengage\com\google\guava\guava\12.0\guava-12.0.jar;C:\Users\bvelandr\.m2\repository.cengage\com\google\code\findbugs\jsr305\1.3.9\jsr305-1.3.9.jar;C:\Users\bvelandr\.m2\repository.cengage\org\seleniumhq\selenium\selenium-chrome-driver\2.23.0\selenium-chrome-driver-2.23.0.jar;C:\Users\bvelandr\.m2\repository.cengage\org\seleniumhq\selenium\selenium-htmlunit-driver\2.23.0\selenium-htmlunit-driver-2.23.0.jar;C:\Users\bvelandr\.m2\repository.cengage\org\seleniumhq\selenium\selenium-api\2.23.0\selenium-api-2.23.0.jar;C:\Users\bvelandr\.m2\repository.cengage\net\sourceforge\htmlunit\htmlunit\2.9\htmlunit-2.9.jar;C:\Users\bvelandr\.m2\repository.cengage\xalan\xalan\2.7.1\xalan-2.7.1.jar;C:\Users\bvelandr\.m2\repository.cengage\xalan\serializer\2.7.1\serializer-2.7.1.jar;C:\Users\bvelandr\.m2\repository.cengage\org\apache\httpcomponents\httpmime\4.1.2\httpmime-4.1.2.jar;C:\Users\bvelandr\.m2\repository.cengage\commons-codec\commons-codec\1.4\commons-codec-1.4.jar;C:\Users\bvelandr\.m2\repository.cengage\net\sourceforge\htmlunit\htmlunit-core-js\2.9\htmlunit-core-js-2.9.jar;C:\Users\bvelandr\.m2\repository.cengage\xerces\xercesImpl\2.9.1\xercesImpl-2.9.1.jar;C:\Users\bvelandr\.m2\repository.cengage\xml-apis\xml-apis\1.3.04\xml-apis-1.3.04.jar;C:\Users\bvelandr\.m2\repository.cengage\net\sourceforge\nekohtml\nekohtml\1.9.15\nekohtml-1.9.15.jar;C:\Users\bvelandr\.m2\repository.cengage\net\sourceforge\cssparser\cssparser\0.9.5\cssparser-0.9.5.jar;C:\Users\bvelandr\.m2\repository.cengage\org\w3c\css\sac\1.3\sac-1.3.jar;C:\Users\bvelandr\.m2\repository.cengage\org\apache\httpcomponents\httpclient\4.1.2\httpclient-4.1.2.jar;C:\Users\bvelandr\.m2\repository.cengage\org\apache\httpcomponents\httpcore\4.1.2\httpcore-4.1.2.jar;C:\Users\bvelandr\.m2\repository.cengage\org\seleniumhq\selenium\selenium-firefox-driver\2.23.0\selenium-firefox-driver-2.23.0.jar;C:\Users\bvelandr\.m2\repository.cengage\commons-io\commons-io\2.0.1\commons-io-2.0.1.jar;C:\Users\bvelandr\.m2\repository.cengage\org\apache\commons\commons-exec\1.1\commons-exec-1.1.jar;C:\Users\bvelandr\.m2\repository.cengage\org\seleniumhq\selenium\selenium-ie-driver\2.23.0\selenium-ie-driver-2.23.0.jar;C:\Users\bvelandr\.m2\repository.cengage\net\java\dev\jna\jna\3.4.0\jna-3.4.0.jar;C:\Users\bvelandr\.m2\repository.cengage\net\java\dev\jna\platform\3.4.0\platform-3.4.0.jar;C:\Users\bvelandr\.m2\repository.cengage\org\seleniumhq\selenium\selenium-iphone-driver\2.23.0\selenium-iphone-driver-2.23.0.jar;C:\Users\bvelandr\.m2\repository.cengage\org\seleniumhq\selenium\selenium-safari-driver\2.23.0\selenium-safari-driver-2.23.0.jar;C:\Users\bvelandr\.m2\repository.cengage\org\seleniumhq\selenium\selenium-support\2.23.0\selenium-support-2.23.0.jar;C:\Users\bvelandr\.m2\repository.cengage\org\webbitserver\webbit\0.4.6\webbit-0.4.6.jar;C:\Users\bvelandr\.m2\repository.cengage\org\jboss\netty\netty\3.2.7.Final\netty-3.2.7.Final.jar;C:\Users\bvelandr\.m2\repository.cengage\info\cukes\cucumber-junit\1.0.2\cucumber-junit-1.0.2.jar;C:\Users\bvelandr\.m2\repository.cengage\info\cukes\cucumber-core\1.0.2\cucumber-core-1.0.2.jar;C:\Users\bvelandr\.m2\repository.cengage\info\cukes\gherkin\2.9.3\gherkin-2.9.3.jar;C:\Users\bvelandr\.m2\repository.cengage\info\cukes\cucumber-html\0.2.1\cucumber-html-0.2.1.jar;C:\Users\bvelandr\.m2\repository.cengage\info\cukes\cucumber-java\1.0.2\cucumber-java-1.0.2.jar;C:\Users\bvelandr\.m2\repository.cengage\junit\junit\4.10\junit-4.10.jar;C:\Users\bvelandr\.m2\repository.cengage\org\hamcrest\hamcrest-core\1.1\hamcrest-core-1.1.jar;C:\Users\bvelandr\.m2\repository.cengage\commons-configuration\commons-configuration\1.6\commons-configuration-1.6.jar;C:\Users\bvelandr\.m2\repository.cengage\commons-collections\commons-collections\3.2.1\commons-collections-3.2.1.jar;C:\Users\bvelandr\.m2\repository.cengage\commons-lang\commons-lang\2.4\commons-lang-2.4.jar;C:\Users\bvelandr\.m2\repository.cengage\commons-logging\commons-logging\1.1.1\commons-logging-1.1.1.jar;C:\Users\bvelandr\.m2\repository.cengage\commons-digester\commons-digester\1.8\commons-digester-1.8.jar;C:\Users\bvelandr\.m2\repository.cengage\commons-beanutils\commons-beanutils\1.7.0\commons-beanutils-1.7.0.jar;C:\Users\bvelandr\.m2\repository.cengage\commons-beanutils\commons-beanutils-core\1.8.0\commons-beanutils-core-1.8.0.jar;"/>
    <property name="java.specification.name" value="Java Platform API Specification"/>
    <property name="java.class.version" value="50.0"/>
    <property name="sun.management.compiler" value="HotSpot Client Compiler"/>
    <property name="os.version" value="6.1"/>
    <property name="user.home" value="C:\Users\bvelandr"/>
    <property name="user.timezone" value="America/New_York"/>
    <property name="java.awt.printerjob" value="sun.awt.windows.WPrinterJob"/>
    <property name="java.specification.version" value="1.6"/>
    <property name="file.encoding" value="Cp1252"/>
    <property name="user.name" value="bvelandr"/>
    <property name="java.class.path" value="C:\Users\bvelandr\workspaces\cukelearning\cukelearning\target\test-classes;C:\Users\bvelandr\workspaces\cukelearning\cukelearning\target\classes;C:\Users\bvelandr\.m2\repository.cengage\org\seleniumhq\selenium\selenium-java\2.23.0\selenium-java-2.23.0.jar;C:\Users\bvelandr\.m2\repository.cengage\org\seleniumhq\selenium\selenium-android-driver\2.23.0\selenium-android-driver-2.23.0.jar;C:\Users\bvelandr\.m2\repository.cengage\org\seleniumhq\selenium\selenium-remote-driver\2.23.0\selenium-remote-driver-2.23.0.jar;C:\Users\bvelandr\.m2\repository.cengage\cglib\cglib-nodep\2.1_3\cglib-nodep-2.1_3.jar;C:\Users\bvelandr\.m2\repository.cengage\org\json\json\20080701\json-20080701.jar;C:\Users\bvelandr\.m2\repository.cengage\com\google\guava\guava\12.0\guava-12.0.jar;C:\Users\bvelandr\.m2\repository.cengage\com\google\code\findbugs\jsr305\1.3.9\jsr305-1.3.9.jar;C:\Users\bvelandr\.m2\repository.cengage\org\seleniumhq\selenium\selenium-chrome-driver\2.23.0\selenium-chrome-driver-2.23.0.jar;C:\Users\bvelandr\.m2\repository.cengage\org\seleniumhq\selenium\selenium-htmlunit-driver\2.23.0\selenium-htmlunit-driver-2.23.0.jar;C:\Users\bvelandr\.m2\repository.cengage\org\seleniumhq\selenium\selenium-api\2.23.0\selenium-api-2.23.0.jar;C:\Users\bvelandr\.m2\repository.cengage\net\sourceforge\htmlunit\htmlunit\2.9\htmlunit-2.9.jar;C:\Users\bvelandr\.m2\repository.cengage\xalan\xalan\2.7.1\xalan-2.7.1.jar;C:\Users\bvelandr\.m2\repository.cengage\xalan\serializer\2.7.1\serializer-2.7.1.jar;C:\Users\bvelandr\.m2\repository.cengage\org\apache\httpcomponents\httpmime\4.1.2\httpmime-4.1.2.jar;C:\Users\bvelandr\.m2\repository.cengage\commons-codec\commons-codec\1.4\commons-codec-1.4.jar;C:\Users\bvelandr\.m2\repository.cengage\net\sourceforge\htmlunit\htmlunit-core-js\2.9\htmlunit-core-js-2.9.jar;C:\Users\bvelandr\.m2\repository.cengage\xerces\xercesImpl\2.9.1\xercesImpl-2.9.1.jar;C:\Users\bvelandr\.m2\repository.cengage\xml-apis\xml-apis\1.3.04\xml-apis-1.3.04.jar;C:\Users\bvelandr\.m2\repository.cengage\net\sourceforge\nekohtml\nekohtml\1.9.15\nekohtml-1.9.15.jar;C:\Users\bvelandr\.m2\repository.cengage\net\sourceforge\cssparser\cssparser\0.9.5\cssparser-0.9.5.jar;C:\Users\bvelandr\.m2\repository.cengage\org\w3c\css\sac\1.3\sac-1.3.jar;C:\Users\bvelandr\.m2\repository.cengage\org\apache\httpcomponents\httpclient\4.1.2\httpclient-4.1.2.jar;C:\Users\bvelandr\.m2\repository.cengage\org\apache\httpcomponents\httpcore\4.1.2\httpcore-4.1.2.jar;C:\Users\bvelandr\.m2\repository.cengage\org\seleniumhq\selenium\selenium-firefox-driver\2.23.0\selenium-firefox-driver-2.23.0.jar;C:\Users\bvelandr\.m2\repository.cengage\commons-io\commons-io\2.0.1\commons-io-2.0.1.jar;C:\Users\bvelandr\.m2\repository.cengage\org\apache\commons\commons-exec\1.1\commons-exec-1.1.jar;C:\Users\bvelandr\.m2\repository.cengage\org\seleniumhq\selenium\selenium-ie-driver\2.23.0\selenium-ie-driver-2.23.0.jar;C:\Users\bvelandr\.m2\repository.cengage\net\java\dev\jna\jna\3.4.0\jna-3.4.0.jar;C:\Users\bvelandr\.m2\repository.cengage\net\java\dev\jna\platform\3.4.0\platform-3.4.0.jar;C:\Users\bvelandr\.m2\repository.cengage\org\seleniumhq\selenium\selenium-iphone-driver\2.23.0\selenium-iphone-driver-2.23.0.jar;C:\Users\bvelandr\.m2\repository.cengage\org\seleniumhq\selenium\selenium-safari-driver\2.23.0\selenium-safari-driver-2.23.0.jar;C:\Users\bvelandr\.m2\repository.cengage\org\seleniumhq\selenium\selenium-support\2.23.0\selenium-support-2.23.0.jar;C:\Users\bvelandr\.m2\repository.cengage\org\webbitserver\webbit\0.4.6\webbit-0.4.6.jar;C:\Users\bvelandr\.m2\repository.cengage\org\jboss\netty\netty\3.2.7.Final\netty-3.2.7.Final.jar;C:\Users\bvelandr\.m2\repository.cengage\info\cukes\cucumber-junit\1.0.2\cucumber-junit-1.0.2.jar;C:\Users\bvelandr\.m2\repository.cengage\info\cukes\cucumber-core\1.0.2\cucumber-core-1.0.2.jar;C:\Users\bvelandr\.m2\repository.cengage\info\cukes\gherkin\2.9.3\gherkin-2.9.3.jar;C:\Users\bvelandr\.m2\repository.cengage\info\cukes\cucumber-html\0.2.1\cucumber-html-0.2.1.jar;C:\Users\bvelandr\.m2\repository.cengage\info\cukes\cucumber-java\1.0.2\cucumber-java-1.0.2.jar;C:\Users\bvelandr\.m2\repository.cengage\junit\junit\4.10\junit-4.10.jar;C:\Users\bvelandr\.m2\repository.cengage\org\hamcrest\hamcrest-core\1.1\hamcrest-core-1.1.jar;C:\Users\bvelandr\.m2\repository.cengage\commons-configuration\commons-configuration\1.6\commons-configuration-1.6.jar;C:\Users\bvelandr\.m2\repository.cengage\commons-collections\commons-collections\3.2.1\commons-collections-3.2.1.jar;C:\Users\bvelandr\.m2\repository.cengage\commons-lang\commons-lang\2.4\commons-lang-2.4.jar;C:\Users\bvelandr\.m2\repository.cengage\commons-logging\commons-logging\1.1.1\commons-logging-1.1.1.jar;C:\Users\bvelandr\.m2\repository.cengage\commons-digester\commons-digester\1.8\commons-digester-1.8.jar;C:\Users\bvelandr\.m2\repository.cengage\commons-beanutils\commons-beanutils\1.7.0\commons-beanutils-1.7.0.jar;C:\Users\bvelandr\.m2\repository.cengage\commons-beanutils\commons-beanutils-core\1.8.0\commons-beanutils-core-1.8.0.jar;"/>
    <property name="java.vm.specification.version" value="1.0"/>
    <property name="sun.arch.data.model" value="32"/>
    <property name="java.home" value="C:\Program Files\Java\jdk1.6.0\jre"/>
    <property name="java.specification.vendor" value="Sun Microsystems Inc."/>
    <property name="user.language" value="en"/>
    <property name="awt.toolkit" value="sun.awt.windows.WToolkit"/>
    <property name="java.vm.info" value="mixed mode, sharing"/>
    <property name="java.version" value="1.6.0"/>
    <property name="java.ext.dirs" value="C:\Program Files\Java\jdk1.6.0\jre\lib\ext;C:\windows\Sun\Java\lib\ext"/>
    <property name="sun.boot.class.path" value="C:\Program Files\Java\jdk1.6.0\jre\lib\resources.jar;C:\Program Files\Java\jdk1.6.0\jre\lib\rt.jar;C:\Program Files\Java\jdk1.6.0\jre\lib\sunrsasign.jar;C:\Program Files\Java\jdk1.6.0\jre\lib\jsse.jar;C:\Program Files\Java\jdk1.6.0\jre\lib\jce.jar;C:\Program Files\Java\jdk1.6.0\jre\lib\charsets.jar;C:\Program Files\Java\jdk1.6.0\jre\classes"/>
    <property name="java.vendor" value="Sun Microsystems Inc."/>
    <property name="localRepository" value="C:\Users\bvelandr\.m2\repository.cengage"/>
    <property name="file.separator" value="\"/>
    <property name="java.vendor.url.bug" value="http://java.sun.com/cgi-bin/bugreport.cgi"/>
    <property name="sun.cpu.endian" value="little"/>
    <property name="sun.io.unicode.encoding" value="UnicodeLittle"/>
    <property name="sun.desktop" value="windows"/>
    <property name="sun.cpu.isalist" value="pentium_pro+mmx pentium_pro pentium+mmx pentium i486 i386 i86"/>
  </properties>
  <testcase time="0" classname="Given I&apos;m in medical                   " name="Given I&apos;m in medical                   "/>
  <testcase time="0" classname="When I execute a search for cancer                    " name="When I execute a search for cancer                    "/>
  <testcase time="0.002" classname="Then I get Luke-emia                     " name="Then I get Luke-emia                     ">
    <skipped/>
  </testcase>
  <testcase time="0.002" classname="| medical | cancer | Luke-emia |                  " name="| medical | cancer | Luke-emia |                  "/>
  <testcase time="0" classname="Given I&apos;m in medical                       " name="Given I&apos;m in medical                       "/>
  <testcase time="0" classname="When I execute a search for acne                        " name="When I execute a search for acne                        "/>
  <testcase time="0.001" classname="Then I get pimple                         " name="Then I get pimple                         ">
    <skipped/>
  </testcase>
  <testcase time="0.001" classname="| medical | acne | pimple |                      " name="| medical | acne | pimple |                      "/>
  <testcase time="0" classname="Given not ready for prime time                           " name="Given not ready for prime time                           "/>
  <testcase time="0" classname="When unknown                            " name="When unknown                            "/>
  <testcase time="0" classname="Then yada                             " name="Then yada                             "/>
  <testcase time="0.001" classname="Scenario:                           " name="Scenario:                           "/>
</testsuite>